  gmrf.cpp
C:\Users\sho11\Desktop\github\signal-processing-for-probabilistic-model\src\gmrf\gmrf\IVODGMRF.hpp(1,1): warning C4819: ファイルは、現在のコード ページ (932) で表示できない文字を含んでいます。データの損失を防ぐために、ファイルを Unicode 形式で保存してください。
  The contents of <compare> are available only with C++20 or later.
  The contents of <filesystem> are available only with C++17 or later.
C:\Users\sho11\Desktop\github\signal-processing-for-probabilistic-model\src\gmrf\gmrf\DVHODGMRF.hpp(119,53): warning C4244: '=': 'const Type' から 'u32' への変換です。データが失われる可能性があります。
          with
          [
              Type=double
          ]
C:\Users\sho11\Desktop\github\signal-processing-for-probabilistic-model\src\gmrf\gmrf\DVHODGMRF.hpp(119): message : クラス テンプレート メンバー関数 'void HGMRF::dvhgmrf_od<double>::set_eps(const Type &)' のコンパイル中
          with
          [
              Type=double
          ]
C:\Users\sho11\Desktop\github\signal-processing-for-probabilistic-model\src\gmrf\gmrf\gmrf.cpp(74): message : コンパイル対象の関数 テンプレート インスタンス化 'void HGMRF::dvhgmrf_od<double>::set_eps(const Type &)' のリファレンスを確認してください
          with
          [
              Type=double
          ]
C:\Program Files\Microsoft Visual Studio\2022\Community\VC\Tools\MSVC\14.32.31326\include\type_traits(495): message : コンパイル対象の クラス テンプレート インスタンス化 'HGMRF::dvhgmrf_od<double>' のリファレンスを確認してください
C:\Miniconda3\include\pybind11-global\pybind11\pybind11.h(1575): message : コンパイル対象の クラス テンプレート インスタンス化 'std::is_polymorphic<HGMRF::dvhgmrf_od<double>>' のリファレンスを確認してください
C:\Users\sho11\Desktop\github\signal-processing-for-probabilistic-model\src\gmrf\gmrf\gmrf.cpp(63): message : コンパイル対象の クラス テンプレート インスタンス化 'pybind11::class_<HGMRF::dvhgmrf_od<double>>' のリファレンスを確認してください
C:\Users\sho11\Desktop\github\signal-processing-for-probabilistic-model\src\gmrf\gmrf\DVHODGMRF.hpp(115,54): warning C4244: '=': 'const Type' から 'u32' への変換です。データが失われる可能性があります。
          with
          [
              Type=double
          ]
C:\Users\sho11\Desktop\github\signal-processing-for-probabilistic-model\src\gmrf\gmrf\DVHODGMRF.hpp(115): message : クラス テンプレート メンバー関数 'void HGMRF::dvhgmrf_od<double>::set_epoch(const Type &)' のコンパイル中
          with
          [
              Type=double
          ]
C:\Users\sho11\Desktop\github\signal-processing-for-probabilistic-model\src\gmrf\gmrf\gmrf.cpp(74): message : コンパイル対象の関数 テンプレート インスタンス化 'void HGMRF::dvhgmrf_od<double>::set_epoch(const Type &)' のリファレンスを確認してください
          with
          [
              Type=double
          ]
C:\Users\sho11\Desktop\github\signal-processing-for-probabilistic-model\src\gmrf\gmrf\IVHODGMRF.hpp(115,53): warning C4244: '=': 'const Type' から 'u32' への変換です。データが失われる可能性があります。
          with
          [
              Type=double
          ]
C:\Users\sho11\Desktop\github\signal-processing-for-probabilistic-model\src\gmrf\gmrf\IVHODGMRF.hpp(115): message : クラス テンプレート メンバー関数 'void HGMRF::ivhgmrf_od<double>::set_eps(const Type &)' のコンパイル中
          with
          [
              Type=double
          ]
C:\Users\sho11\Desktop\github\signal-processing-for-probabilistic-model\src\gmrf\gmrf\gmrf.cpp(59): message : コンパイル対象の関数 テンプレート インスタンス化 'void HGMRF::ivhgmrf_od<double>::set_eps(const Type &)' のリファレンスを確認してください
          with
          [
              Type=double
          ]
C:\Program Files\Microsoft Visual Studio\2022\Community\VC\Tools\MSVC\14.32.31326\include\type_traits(495): message : コンパイル対象の クラス テンプレート インスタンス化 'HGMRF::ivhgmrf_od<double>' のリファレンスを確認してください
C:\Miniconda3\include\pybind11-global\pybind11\pybind11.h(1575): message : コンパイル対象の クラス テンプレート インスタンス化 'std::is_polymorphic<HGMRF::ivhgmrf_od<double>>' のリファレンスを確認してください
C:\Users\sho11\Desktop\github\signal-processing-for-probabilistic-model\src\gmrf\gmrf\gmrf.cpp(48): message : コンパイル対象の クラス テンプレート インスタンス化 'pybind11::class_<HGMRF::ivhgmrf_od<double>>' のリファレンスを確認してください
C:\Users\sho11\Desktop\github\signal-processing-for-probabilistic-model\src\gmrf\gmrf\IVHODGMRF.hpp(111,54): warning C4244: '=': 'const Type' から 'u32' への変換です。データが失われる可能性があります。
          with
          [
              Type=double
          ]
C:\Users\sho11\Desktop\github\signal-processing-for-probabilistic-model\src\gmrf\gmrf\IVHODGMRF.hpp(111): message : クラス テンプレート メンバー関数 'void HGMRF::ivhgmrf_od<double>::set_epoch(const Type &)' のコンパイル中
          with
          [
              Type=double
          ]
C:\Users\sho11\Desktop\github\signal-processing-for-probabilistic-model\src\gmrf\gmrf\gmrf.cpp(59): message : コンパイル対象の関数 テンプレート インスタンス化 'void HGMRF::ivhgmrf_od<double>::set_epoch(const Type &)' のリファレンスを確認してください
          with
          [
              Type=double
          ]
     ライブラリ C:\Users\sho11\Desktop\github\signal-processing-for-probabilistic-model\src\gmrf\x64\Release\gmrf.lib とオブジェクト C:\Users\sho11\Desktop\github\signal-processing-for-probabilistic-model\src\gmrf\x64\Release\gmrf.exp を作成中
  コード生成しています。
  Previous IPDB not found, fall back to full compilation.
  All 3834 functions were compiled because no usable IPDB/IOBJ from previous compilation was found.
  コード生成が終了しました。
  gmrf.vcxproj -> C:\Users\sho11\Desktop\github\signal-processing-for-probabilistic-model\src\gmrf\x64\Release\gmrf.pyd
