d:\yasuda-lab\m1\github\signal-processing-for-probabilistic-model\src\gmrf\gmrf\x64\release\vc143.pdb
d:\yasuda-lab\m1\github\signal-processing-for-probabilistic-model\src\gmrf\gmrf\x64\release\gmrf.obj
c:\users\sho11\desktop\github\signal-processing-for-probabilistic-model\gmrf\x64\release\gmrf.lib
c:\users\sho11\desktop\github\signal-processing-for-probabilistic-model\gmrf\x64\release\gmrf.exp
c:\users\sho11\desktop\github\signal-processing-for-probabilistic-model\src\gmrf\x64\release\gmrf.lib
c:\users\sho11\desktop\github\signal-processing-for-probabilistic-model\src\gmrf\x64\release\gmrf.exp
d:\yasuda-lab\m1\github\signal-processing-for-probabilistic-model\src\gmrf\x64\release\gmrf.pyd
d:\yasuda-lab\m1\github\signal-processing-for-probabilistic-model\src\gmrf\x64\release\gmrf.pdb
c:\users\sho11\desktop\github\signal-processing-for-probabilistic-model\src\gmrf\gmrf\x64\release\gmrf.obj
c:\users\sho11\desktop\github\signal-processing-for-probabilistic-model\src\gmrf\gmrf\x64\release\mod_dvgmrf.obj
c:\users\sho11\desktop\github\signal-processing-for-probabilistic-model\src\gmrf\gmrf\x64\release\mod_gmrf.obj
c:\users\sho11\desktop\github\signal-processing-for-probabilistic-model\src\gmrf\gmrf\x64\release\mod_ivgmrf.obj
c:\users\sho11\desktop\github\signal-processing-for-probabilistic-model\src\gmrf\gmrf\x64\release\mycat.obj
c:\users\sho11\desktop\github\signal-processing-for-probabilistic-model\src\gmrf\gmrf\x64\release\gmrf.ipdb
c:\users\sho11\desktop\github\signal-processing-for-probabilistic-model\src\gmrf\gmrf\x64\release\gmrf.iobj
c:\users\sho11\desktop\github\signal-processing-for-probabilistic-model\src\gmrf\gmrf\x64\release\vc143.pdb
c:\users\sho11\desktop\github\signal-processing-for-probabilistic-model\src\gmrf\gmrf\x64\release\gmrf.tlog\cl.command.1.tlog
c:\users\sho11\desktop\github\signal-processing-for-probabilistic-model\src\gmrf\gmrf\x64\release\gmrf.tlog\cl.items.tlog
c:\users\sho11\desktop\github\signal-processing-for-probabilistic-model\src\gmrf\gmrf\x64\release\gmrf.tlog\cl.read.1.tlog
c:\users\sho11\desktop\github\signal-processing-for-probabilistic-model\src\gmrf\gmrf\x64\release\gmrf.tlog\cl.write.1.tlog
c:\users\sho11\desktop\github\signal-processing-for-probabilistic-model\src\gmrf\gmrf\x64\release\gmrf.tlog\gmrf.write.1u.tlog
c:\users\sho11\desktop\github\signal-processing-for-probabilistic-model\src\gmrf\gmrf\x64\release\gmrf.tlog\link.command.1.tlog
c:\users\sho11\desktop\github\signal-processing-for-probabilistic-model\src\gmrf\gmrf\x64\release\gmrf.tlog\link.read.1.tlog
c:\users\sho11\desktop\github\signal-processing-for-probabilistic-model\src\gmrf\gmrf\x64\release\gmrf.tlog\link.secondary.1.tlog
c:\users\sho11\desktop\github\signal-processing-for-probabilistic-model\src\gmrf\gmrf\x64\release\gmrf.tlog\link.write.1.tlog
